<!DOCTYPE html>
<html lang="en">
<head>
    <meta charset="UTF-8">
    <meta name="viewport" content="width=device-width, initial-scale=1.0">
    <title>DAR School for Pioneers</title>
    <style>
        body {
            margin: 0;
            padding: 0;
            background-color: #b3d9ff; /* Light blue */
            background-image: url('dark_blue_vector.jpg'); /* Dark blue vector */
            background-size: cover;
            background-repeat: no-repeat;
            font-family: Arial, sans-serif;
        }
        header {
            background-color: #ff6600; /* Orange */
            color: #fff;
            padding: 20px;
            text-align: center;
        }
        h1 {
            font-size: 36px;
        }
        nav {
            background-color: #333;
            color: #fff;
            padding: 10px 0;
            text-align: center;
        }
        nav a {
            color: #fff;
            text-decoration: none;
            margin: 0 10px;
        }
        nav a:hover {
            text-decoration: underline;
        }
        .container {
            max-width: 1200px;
            margin: 20px auto;
            padding: 0 20px;
            color: #333;
        }
        .content {
            background-color: #fff;
            padding: 20px;
            border-radius: 5px;
            margin-bottom: 20px;
        }
        footer {
            background-color: #333;
            color: #fff;
            text-align: center;
            padding: 10px;
            position: fixed;
            bottom: 0;
            width: 100%;
        }
    </style>
</head>
<body>
    <header>
        <h1 style="color: #ff6600;">DAR School for Pioneers</h1>
        <p>Address: 154 Alayadi Road, Eravur, Sri Lanka.</p>
    </header>

    <nav>
        <a href="#school_info">School Information</a>
        <a href="#achievements">Achievements</a>
        <a href="#downloads">Downloads</a>
        <a href="#gallery">Gallery</a>
        <a href="#contact">Contact Us</a>
    </nav>

    <div class="container">
        <div id="school_info" class="content">
            <h2>School Information</h2>
            <p>Total staff: 150</p>
        </div>

        <div id="achievements" class="content">
            <h2>Achievements</h2>
            <p>Add your school's achievements here...</p>
        </div>

        <div id="downloads" class="content">
            <h2>Downloads</h2>
            <p>Add downloadable resources here...</p>
        </div>

        <div id="gallery" class="content">
            <h2>Gallery</h2>
            <p>Add your school's photo gallery here...</p>
        </div>

        <div id="contact" class="content">
            <h2>Contact Us</h2>
            <p>Telephone number: 0654346928</p>
        </div>
    </div>

    <footer>
        <p>&copy; 2024 DAR School for Pioneers. All rights reserved.</p>
    </footer>
</body>
</html>
